2025-12-24 10:59:36,616 INFO    MainThread:2327006 [internal.py:wandb_internal():89] W&B internal server running at pid: 2327006, started at: 2025-12-24 10:59:36.615920
2025-12-24 10:59:36,623 DEBUG   HandlerThread:2327006 [handler.py:handle_request():131] handle_request: check_version
2025-12-24 10:59:36,623 INFO    WriterThread:2327006 [datastore.py:open_for_write():77] open: /home/dengkn/O-LoRA/wandb/run-20251224_105934-p7r2ed4a/run-p7r2ed4a.wandb
2025-12-24 10:59:36,624 DEBUG   SenderThread:2327006 [sender.py:send():235] send: header
2025-12-24 10:59:36,624 DEBUG   SenderThread:2327006 [sender.py:send_request():249] send_request: check_version
2025-12-24 10:59:37,402 DEBUG   SenderThread:2327006 [sender.py:send():235] send: run
2025-12-24 10:59:38,120 DEBUG   HandlerThread:2327006 [handler.py:handle_request():131] handle_request: run_start
2025-12-24 10:59:38,125 INFO    SenderThread:2327006 [dir_watcher.py:__init__():169] watching files in: /home/dengkn/O-LoRA/wandb/run-20251224_105934-p7r2ed4a/files
2025-12-24 10:59:38,125 INFO    SenderThread:2327006 [sender.py:_start_run_threads():809] run started: p7r2ed4a with start time 1766545174
2025-12-24 10:59:38,125 DEBUG   SenderThread:2327006 [sender.py:send():235] send: summary
2025-12-24 10:59:38,125 INFO    SenderThread:2327006 [sender.py:_save_file():944] saving file wandb-summary.json with policy end
2025-12-24 10:59:38,134 DEBUG   HandlerThread:2327006 [meta.py:__init__():36] meta init
2025-12-24 10:59:38,134 DEBUG   HandlerThread:2327006 [meta.py:__init__():50] meta init done
2025-12-24 10:59:38,134 DEBUG   HandlerThread:2327006 [meta.py:probe():210] probe
2025-12-24 10:59:38,141 DEBUG   HandlerThread:2327006 [meta.py:_setup_git():200] setup git
2025-12-24 10:59:38,173 DEBUG   HandlerThread:2327006 [meta.py:_setup_git():207] setup git done
2025-12-24 10:59:38,173 DEBUG   HandlerThread:2327006 [meta.py:_save_pip():54] save pip
2025-12-24 10:59:38,174 DEBUG   HandlerThread:2327006 [meta.py:_save_pip():68] save pip done
2025-12-24 10:59:38,174 DEBUG   HandlerThread:2327006 [meta.py:_save_conda():75] save conda
2025-12-24 10:59:39,130 INFO    Thread-13 :2327006 [dir_watcher.py:_on_file_created():217] file/dir created: /home/dengkn/O-LoRA/wandb/run-20251224_105934-p7r2ed4a/files/requirements.txt
2025-12-24 10:59:39,131 INFO    Thread-13 :2327006 [dir_watcher.py:_on_file_created():217] file/dir created: /home/dengkn/O-LoRA/wandb/run-20251224_105934-p7r2ed4a/files/wandb-summary.json
2025-12-24 10:59:39,131 INFO    Thread-13 :2327006 [dir_watcher.py:_on_file_created():217] file/dir created: /home/dengkn/O-LoRA/wandb/run-20251224_105934-p7r2ed4a/files/conda-environment.yaml
2025-12-24 10:59:39,817 DEBUG   HandlerThread:2327006 [meta.py:_save_conda():85] save conda done
2025-12-24 10:59:39,817 DEBUG   HandlerThread:2327006 [meta.py:probe():248] probe done
2025-12-24 10:59:39,909 DEBUG   SenderThread:2327006 [sender.py:send():235] send: files
2025-12-24 10:59:39,910 INFO    SenderThread:2327006 [sender.py:_save_file():944] saving file wandb-metadata.json with policy now
2025-12-24 10:59:39,920 DEBUG   HandlerThread:2327006 [handler.py:handle_request():131] handle_request: stop_status
2025-12-24 10:59:39,921 DEBUG   SenderThread:2327006 [sender.py:send_request():249] send_request: stop_status
2025-12-24 10:59:40,133 INFO    Thread-13 :2327006 [dir_watcher.py:_on_file_modified():230] file/dir modified: /home/dengkn/O-LoRA/wandb/run-20251224_105934-p7r2ed4a/files/conda-environment.yaml
2025-12-24 10:59:40,133 INFO    Thread-13 :2327006 [dir_watcher.py:_on_file_created():217] file/dir created: /home/dengkn/O-LoRA/wandb/run-20251224_105934-p7r2ed4a/files/output.log
2025-12-24 10:59:40,134 INFO    Thread-13 :2327006 [dir_watcher.py:_on_file_created():217] file/dir created: /home/dengkn/O-LoRA/wandb/run-20251224_105934-p7r2ed4a/files/wandb-metadata.json
2025-12-24 10:59:40,439 DEBUG   SenderThread:2327006 [sender.py:send():235] send: config
2025-12-24 10:59:40,440 DEBUG   SenderThread:2327006 [sender.py:send():235] send: metric
2025-12-24 10:59:40,441 DEBUG   SenderThread:2327006 [sender.py:send():235] send: metric
2025-12-24 10:59:40,441 WARNING SenderThread:2327006 [sender.py:send_metric():902] Seen metric with glob (shouldnt happen)
2025-12-24 10:59:41,719 INFO    Thread-16 :2327006 [upload_job.py:push():137] Uploaded file /tmp/tmpyodx4aa1wandb/5i438ujg-wandb-metadata.json
2025-12-24 10:59:42,127 INFO    Thread-13 :2327006 [dir_watcher.py:_on_file_modified():230] file/dir modified: /home/dengkn/O-LoRA/wandb/run-20251224_105934-p7r2ed4a/files/output.log
2025-12-24 10:59:55,455 DEBUG   HandlerThread:2327006 [handler.py:handle_request():131] handle_request: stop_status
2025-12-24 10:59:55,456 DEBUG   SenderThread:2327006 [sender.py:send_request():249] send_request: stop_status
2025-12-24 11:00:07,587 DEBUG   SenderThread:2327006 [sender.py:send():235] send: stats
2025-12-24 11:00:08,141 INFO    Thread-13 :2327006 [dir_watcher.py:_on_file_modified():230] file/dir modified: /home/dengkn/O-LoRA/wandb/run-20251224_105934-p7r2ed4a/files/config.yaml
2025-12-24 11:00:10,903 DEBUG   HandlerThread:2327006 [handler.py:handle_request():131] handle_request: stop_status
2025-12-24 11:00:10,903 DEBUG   SenderThread:2327006 [sender.py:send_request():249] send_request: stop_status
2025-12-24 11:00:26,426 DEBUG   HandlerThread:2327006 [handler.py:handle_request():131] handle_request: stop_status
2025-12-24 11:00:26,426 DEBUG   SenderThread:2327006 [sender.py:send_request():249] send_request: stop_status
2025-12-24 11:00:38,163 DEBUG   SenderThread:2327006 [sender.py:send():235] send: stats
2025-12-24 11:00:41,931 DEBUG   HandlerThread:2327006 [handler.py:handle_request():131] handle_request: stop_status
2025-12-24 11:00:41,932 DEBUG   SenderThread:2327006 [sender.py:send_request():249] send_request: stop_status
2025-12-24 11:00:44,160 INFO    Thread-13 :2327006 [dir_watcher.py:_on_file_modified():230] file/dir modified: /home/dengkn/O-LoRA/wandb/run-20251224_105934-p7r2ed4a/files/output.log
2025-12-24 11:00:57,433 DEBUG   HandlerThread:2327006 [handler.py:handle_request():131] handle_request: stop_status
2025-12-24 11:00:57,433 DEBUG   SenderThread:2327006 [sender.py:send_request():249] send_request: stop_status
2025-12-24 11:01:09,176 DEBUG   SenderThread:2327006 [sender.py:send():235] send: stats
2025-12-24 11:01:13,002 DEBUG   HandlerThread:2327006 [handler.py:handle_request():131] handle_request: stop_status
2025-12-24 11:01:13,002 DEBUG   SenderThread:2327006 [sender.py:send_request():249] send_request: stop_status
2025-12-24 11:01:28,526 DEBUG   HandlerThread:2327006 [handler.py:handle_request():131] handle_request: stop_status
2025-12-24 11:01:28,527 DEBUG   SenderThread:2327006 [sender.py:send_request():249] send_request: stop_status
2025-12-24 11:01:40,184 DEBUG   SenderThread:2327006 [sender.py:send():235] send: stats
2025-12-24 11:01:44,093 DEBUG   HandlerThread:2327006 [handler.py:handle_request():131] handle_request: stop_status
2025-12-24 11:01:44,093 DEBUG   SenderThread:2327006 [sender.py:send_request():249] send_request: stop_status
2025-12-24 11:01:45,194 INFO    Thread-13 :2327006 [dir_watcher.py:_on_file_modified():230] file/dir modified: /home/dengkn/O-LoRA/wandb/run-20251224_105934-p7r2ed4a/files/output.log
2025-12-24 11:01:59,633 DEBUG   HandlerThread:2327006 [handler.py:handle_request():131] handle_request: stop_status
2025-12-24 11:01:59,634 DEBUG   SenderThread:2327006 [sender.py:send_request():249] send_request: stop_status
2025-12-24 11:02:11,264 DEBUG   SenderThread:2327006 [sender.py:send():235] send: stats
2025-12-24 11:02:15,153 DEBUG   HandlerThread:2327006 [handler.py:handle_request():131] handle_request: stop_status
2025-12-24 11:02:15,153 DEBUG   SenderThread:2327006 [sender.py:send_request():249] send_request: stop_status
2025-12-24 11:02:30,676 DEBUG   HandlerThread:2327006 [handler.py:handle_request():131] handle_request: stop_status
2025-12-24 11:02:30,676 DEBUG   SenderThread:2327006 [sender.py:send_request():249] send_request: stop_status
2025-12-24 11:02:42,328 DEBUG   SenderThread:2327006 [sender.py:send():235] send: stats
2025-12-24 11:02:46,278 DEBUG   HandlerThread:2327006 [handler.py:handle_request():131] handle_request: stop_status
2025-12-24 11:02:46,278 DEBUG   SenderThread:2327006 [sender.py:send_request():249] send_request: stop_status
2025-12-24 11:02:47,227 INFO    Thread-13 :2327006 [dir_watcher.py:_on_file_modified():230] file/dir modified: /home/dengkn/O-LoRA/wandb/run-20251224_105934-p7r2ed4a/files/output.log
2025-12-24 11:03:01,813 DEBUG   HandlerThread:2327006 [handler.py:handle_request():131] handle_request: stop_status
2025-12-24 11:03:01,814 DEBUG   SenderThread:2327006 [sender.py:send_request():249] send_request: stop_status
2025-12-24 11:03:13,462 DEBUG   SenderThread:2327006 [sender.py:send():235] send: stats
2025-12-24 11:03:17,381 DEBUG   HandlerThread:2327006 [handler.py:handle_request():131] handle_request: stop_status
2025-12-24 11:03:17,382 DEBUG   SenderThread:2327006 [sender.py:send_request():249] send_request: stop_status
2025-12-24 11:03:32,881 DEBUG   HandlerThread:2327006 [handler.py:handle_request():131] handle_request: stop_status
2025-12-24 11:03:32,882 DEBUG   SenderThread:2327006 [sender.py:send_request():249] send_request: stop_status
2025-12-24 11:03:44,462 DEBUG   SenderThread:2327006 [sender.py:send():235] send: stats
2025-12-24 11:03:48,437 DEBUG   HandlerThread:2327006 [handler.py:handle_request():131] handle_request: stop_status
2025-12-24 11:03:48,438 DEBUG   SenderThread:2327006 [sender.py:send_request():249] send_request: stop_status
2025-12-24 11:03:49,259 INFO    Thread-13 :2327006 [dir_watcher.py:_on_file_modified():230] file/dir modified: /home/dengkn/O-LoRA/wandb/run-20251224_105934-p7r2ed4a/files/output.log
2025-12-24 11:04:03,928 DEBUG   HandlerThread:2327006 [handler.py:handle_request():131] handle_request: stop_status
2025-12-24 11:04:03,929 DEBUG   SenderThread:2327006 [sender.py:send_request():249] send_request: stop_status
2025-12-24 11:04:15,368 DEBUG   SenderThread:2327006 [sender.py:send():235] send: stats
2025-12-24 11:04:19,466 DEBUG   HandlerThread:2327006 [handler.py:handle_request():131] handle_request: stop_status
2025-12-24 11:04:19,467 DEBUG   SenderThread:2327006 [sender.py:send_request():249] send_request: stop_status
2025-12-24 11:04:34,929 DEBUG   HandlerThread:2327006 [handler.py:handle_request():131] handle_request: stop_status
2025-12-24 11:04:34,929 DEBUG   SenderThread:2327006 [sender.py:send_request():249] send_request: stop_status
2025-12-24 11:04:46,289 DEBUG   SenderThread:2327006 [sender.py:send():235] send: stats
2025-12-24 11:04:50,504 DEBUG   HandlerThread:2327006 [handler.py:handle_request():131] handle_request: stop_status
2025-12-24 11:04:50,504 DEBUG   SenderThread:2327006 [sender.py:send_request():249] send_request: stop_status
2025-12-24 11:04:53,293 INFO    Thread-13 :2327006 [dir_watcher.py:_on_file_modified():230] file/dir modified: /home/dengkn/O-LoRA/wandb/run-20251224_105934-p7r2ed4a/files/output.log
2025-12-24 11:05:06,240 DEBUG   HandlerThread:2327006 [handler.py:handle_request():131] handle_request: stop_status
2025-12-24 11:05:06,240 DEBUG   SenderThread:2327006 [sender.py:send_request():249] send_request: stop_status
2025-12-24 11:05:17,322 DEBUG   SenderThread:2327006 [sender.py:send():235] send: stats
2025-12-24 11:05:21,711 DEBUG   HandlerThread:2327006 [handler.py:handle_request():131] handle_request: stop_status
2025-12-24 11:05:21,712 DEBUG   SenderThread:2327006 [sender.py:send_request():249] send_request: stop_status
2025-12-24 11:05:37,279 DEBUG   HandlerThread:2327006 [handler.py:handle_request():131] handle_request: stop_status
2025-12-24 11:05:37,279 DEBUG   SenderThread:2327006 [sender.py:send_request():249] send_request: stop_status
2025-12-24 11:05:48,211 DEBUG   SenderThread:2327006 [sender.py:send():235] send: stats
2025-12-24 11:05:52,762 DEBUG   HandlerThread:2327006 [handler.py:handle_request():131] handle_request: stop_status
2025-12-24 11:05:52,763 DEBUG   SenderThread:2327006 [sender.py:send_request():249] send_request: stop_status
2025-12-24 11:05:57,325 INFO    Thread-13 :2327006 [dir_watcher.py:_on_file_modified():230] file/dir modified: /home/dengkn/O-LoRA/wandb/run-20251224_105934-p7r2ed4a/files/output.log
2025-12-24 11:06:08,291 DEBUG   HandlerThread:2327006 [handler.py:handle_request():131] handle_request: stop_status
2025-12-24 11:06:08,291 DEBUG   SenderThread:2327006 [sender.py:send_request():249] send_request: stop_status
2025-12-24 11:06:19,130 DEBUG   SenderThread:2327006 [sender.py:send():235] send: stats
2025-12-24 11:06:23,795 DEBUG   HandlerThread:2327006 [handler.py:handle_request():131] handle_request: stop_status
2025-12-24 11:06:23,795 DEBUG   SenderThread:2327006 [sender.py:send_request():249] send_request: stop_status
2025-12-24 11:06:39,309 DEBUG   HandlerThread:2327006 [handler.py:handle_request():131] handle_request: stop_status
2025-12-24 11:06:39,309 DEBUG   SenderThread:2327006 [sender.py:send_request():249] send_request: stop_status
2025-12-24 11:06:49,975 DEBUG   SenderThread:2327006 [sender.py:send():235] send: stats
2025-12-24 11:06:54,810 DEBUG   HandlerThread:2327006 [handler.py:handle_request():131] handle_request: stop_status
2025-12-24 11:06:54,810 DEBUG   SenderThread:2327006 [sender.py:send_request():249] send_request: stop_status
2025-12-24 11:06:58,358 INFO    Thread-13 :2327006 [dir_watcher.py:_on_file_modified():230] file/dir modified: /home/dengkn/O-LoRA/wandb/run-20251224_105934-p7r2ed4a/files/output.log
2025-12-24 11:07:10,349 DEBUG   HandlerThread:2327006 [handler.py:handle_request():131] handle_request: stop_status
2025-12-24 11:07:10,350 DEBUG   SenderThread:2327006 [sender.py:send_request():249] send_request: stop_status
2025-12-24 11:07:20,889 DEBUG   SenderThread:2327006 [sender.py:send():235] send: stats
2025-12-24 11:07:25,856 DEBUG   HandlerThread:2327006 [handler.py:handle_request():131] handle_request: stop_status
2025-12-24 11:07:25,857 DEBUG   SenderThread:2327006 [sender.py:send_request():249] send_request: stop_status
2025-12-24 11:07:41,407 DEBUG   HandlerThread:2327006 [handler.py:handle_request():131] handle_request: stop_status
2025-12-24 11:07:41,407 DEBUG   SenderThread:2327006 [sender.py:send_request():249] send_request: stop_status
2025-12-24 11:07:51,887 DEBUG   SenderThread:2327006 [sender.py:send():235] send: stats
2025-12-24 11:07:56,954 DEBUG   HandlerThread:2327006 [handler.py:handle_request():131] handle_request: stop_status
2025-12-24 11:07:56,954 DEBUG   SenderThread:2327006 [sender.py:send_request():249] send_request: stop_status
2025-12-24 11:08:00,391 INFO    Thread-13 :2327006 [dir_watcher.py:_on_file_modified():230] file/dir modified: /home/dengkn/O-LoRA/wandb/run-20251224_105934-p7r2ed4a/files/output.log
2025-12-24 11:08:12,431 DEBUG   HandlerThread:2327006 [handler.py:handle_request():131] handle_request: stop_status
2025-12-24 11:08:12,431 DEBUG   SenderThread:2327006 [sender.py:send_request():249] send_request: stop_status
2025-12-24 11:08:22,942 DEBUG   SenderThread:2327006 [sender.py:send():235] send: stats
2025-12-24 11:08:27,932 DEBUG   HandlerThread:2327006 [handler.py:handle_request():131] handle_request: stop_status
2025-12-24 11:08:27,932 DEBUG   SenderThread:2327006 [sender.py:send_request():249] send_request: stop_status
2025-12-24 11:08:43,447 DEBUG   HandlerThread:2327006 [handler.py:handle_request():131] handle_request: stop_status
2025-12-24 11:08:43,448 DEBUG   SenderThread:2327006 [sender.py:send_request():249] send_request: stop_status
2025-12-24 11:08:53,976 DEBUG   SenderThread:2327006 [sender.py:send():235] send: stats
2025-12-24 11:08:58,923 DEBUG   HandlerThread:2327006 [handler.py:handle_request():131] handle_request: stop_status
2025-12-24 11:08:58,923 DEBUG   SenderThread:2327006 [sender.py:send_request():249] send_request: stop_status
2025-12-24 11:09:02,423 INFO    Thread-13 :2327006 [dir_watcher.py:_on_file_modified():230] file/dir modified: /home/dengkn/O-LoRA/wandb/run-20251224_105934-p7r2ed4a/files/output.log
2025-12-24 11:09:14,403 DEBUG   HandlerThread:2327006 [handler.py:handle_request():131] handle_request: stop_status
2025-12-24 11:09:14,403 DEBUG   SenderThread:2327006 [sender.py:send_request():249] send_request: stop_status
2025-12-24 11:09:24,990 DEBUG   SenderThread:2327006 [sender.py:send():235] send: stats
2025-12-24 11:09:29,933 DEBUG   HandlerThread:2327006 [handler.py:handle_request():131] handle_request: stop_status
2025-12-24 11:09:29,933 DEBUG   SenderThread:2327006 [sender.py:send_request():249] send_request: stop_status
2025-12-24 11:09:45,448 DEBUG   HandlerThread:2327006 [handler.py:handle_request():131] handle_request: stop_status
2025-12-24 11:09:45,448 DEBUG   SenderThread:2327006 [sender.py:send_request():249] send_request: stop_status
2025-12-24 11:09:56,133 DEBUG   SenderThread:2327006 [sender.py:send():235] send: stats
2025-12-24 11:10:00,984 DEBUG   HandlerThread:2327006 [handler.py:handle_request():131] handle_request: stop_status
2025-12-24 11:10:00,984 DEBUG   SenderThread:2327006 [sender.py:send_request():249] send_request: stop_status
2025-12-24 11:10:02,709 DEBUG   SenderThread:2327006 [sender.py:send():235] send: metric
2025-12-24 11:10:02,710 DEBUG   SenderThread:2327006 [sender.py:send():235] send: metric
2025-12-24 11:10:02,710 DEBUG   SenderThread:2327006 [sender.py:send():235] send: metric
2025-12-24 11:10:02,710 DEBUG   SenderThread:2327006 [sender.py:send():235] send: history
2025-12-24 11:10:02,711 DEBUG   SenderThread:2327006 [sender.py:send():235] send: summary
2025-12-24 11:10:02,711 INFO    SenderThread:2327006 [sender.py:_save_file():944] saving file wandb-summary.json with policy end
2025-12-24 11:10:03,455 INFO    Thread-13 :2327006 [dir_watcher.py:_on_file_modified():230] file/dir modified: /home/dengkn/O-LoRA/wandb/run-20251224_105934-p7r2ed4a/files/wandb-summary.json
2025-12-24 11:10:04,456 INFO    Thread-13 :2327006 [dir_watcher.py:_on_file_modified():230] file/dir modified: /home/dengkn/O-LoRA/wandb/run-20251224_105934-p7r2ed4a/files/output.log
2025-12-24 11:10:16,539 DEBUG   HandlerThread:2327006 [handler.py:handle_request():131] handle_request: stop_status
2025-12-24 11:10:16,539 DEBUG   SenderThread:2327006 [sender.py:send_request():249] send_request: stop_status
2025-12-24 11:10:18,464 INFO    Thread-13 :2327006 [dir_watcher.py:_on_file_modified():230] file/dir modified: /home/dengkn/O-LoRA/wandb/run-20251224_105934-p7r2ed4a/files/config.yaml
2025-12-24 11:10:27,115 DEBUG   SenderThread:2327006 [sender.py:send():235] send: stats
2025-12-24 11:10:32,059 DEBUG   HandlerThread:2327006 [handler.py:handle_request():131] handle_request: stop_status
2025-12-24 11:10:32,059 DEBUG   SenderThread:2327006 [sender.py:send_request():249] send_request: stop_status
2025-12-24 11:10:47,640 DEBUG   HandlerThread:2327006 [handler.py:handle_request():131] handle_request: stop_status
2025-12-24 11:10:47,640 DEBUG   SenderThread:2327006 [sender.py:send_request():249] send_request: stop_status
2025-12-24 11:10:58,079 DEBUG   SenderThread:2327006 [sender.py:send():235] send: stats
2025-12-24 11:11:03,132 DEBUG   HandlerThread:2327006 [handler.py:handle_request():131] handle_request: stop_status
2025-12-24 11:11:03,133 DEBUG   SenderThread:2327006 [sender.py:send_request():249] send_request: stop_status
2025-12-24 11:11:06,490 INFO    Thread-13 :2327006 [dir_watcher.py:_on_file_modified():230] file/dir modified: /home/dengkn/O-LoRA/wandb/run-20251224_105934-p7r2ed4a/files/output.log
2025-12-24 11:11:18,645 DEBUG   HandlerThread:2327006 [handler.py:handle_request():131] handle_request: stop_status
2025-12-24 11:11:18,645 DEBUG   SenderThread:2327006 [sender.py:send_request():249] send_request: stop_status
2025-12-24 11:11:29,012 DEBUG   SenderThread:2327006 [sender.py:send():235] send: stats
2025-12-24 11:11:34,190 DEBUG   HandlerThread:2327006 [handler.py:handle_request():131] handle_request: stop_status
2025-12-24 11:11:34,191 DEBUG   SenderThread:2327006 [sender.py:send_request():249] send_request: stop_status
2025-12-24 11:11:49,722 DEBUG   HandlerThread:2327006 [handler.py:handle_request():131] handle_request: stop_status
2025-12-24 11:11:49,723 DEBUG   SenderThread:2327006 [sender.py:send_request():249] send_request: stop_status
2025-12-24 11:11:59,889 DEBUG   SenderThread:2327006 [sender.py:send():235] send: stats
2025-12-24 11:12:05,199 DEBUG   HandlerThread:2327006 [handler.py:handle_request():131] handle_request: stop_status
2025-12-24 11:12:05,199 DEBUG   SenderThread:2327006 [sender.py:send_request():249] send_request: stop_status
2025-12-24 11:12:11,522 INFO    Thread-13 :2327006 [dir_watcher.py:_on_file_modified():230] file/dir modified: /home/dengkn/O-LoRA/wandb/run-20251224_105934-p7r2ed4a/files/output.log
2025-12-24 11:12:20,749 DEBUG   HandlerThread:2327006 [handler.py:handle_request():131] handle_request: stop_status
2025-12-24 11:12:20,752 DEBUG   SenderThread:2327006 [sender.py:send_request():249] send_request: stop_status
2025-12-24 11:12:30,787 DEBUG   SenderThread:2327006 [sender.py:send():235] send: stats
2025-12-24 11:12:36,307 DEBUG   HandlerThread:2327006 [handler.py:handle_request():131] handle_request: stop_status
2025-12-24 11:12:36,307 DEBUG   SenderThread:2327006 [sender.py:send_request():249] send_request: stop_status
2025-12-24 11:12:51,847 DEBUG   HandlerThread:2327006 [handler.py:handle_request():131] handle_request: stop_status
2025-12-24 11:12:51,847 DEBUG   SenderThread:2327006 [sender.py:send_request():249] send_request: stop_status
2025-12-24 11:13:01,737 DEBUG   SenderThread:2327006 [sender.py:send():235] send: stats
2025-12-24 11:13:07,297 DEBUG   HandlerThread:2327006 [handler.py:handle_request():131] handle_request: stop_status
2025-12-24 11:13:07,298 DEBUG   SenderThread:2327006 [sender.py:send_request():249] send_request: stop_status
2025-12-24 11:13:13,555 INFO    Thread-13 :2327006 [dir_watcher.py:_on_file_modified():230] file/dir modified: /home/dengkn/O-LoRA/wandb/run-20251224_105934-p7r2ed4a/files/output.log
2025-12-24 11:13:27,311 DEBUG   HandlerThread:2327006 [handler.py:handle_request():131] handle_request: stop_status
2025-12-24 11:13:40,932 ERROR   SenderThread:2327006 [retry.py:__call__():126] Retry attempt failed:
Traceback (most recent call last):
  File "/home/dengkn/miniforge3/envs/aslora/lib/python3.9/site-packages/urllib3/connectionpool.py", line 464, in _make_request
    self._validate_conn(conn)
  File "/home/dengkn/miniforge3/envs/aslora/lib/python3.9/site-packages/urllib3/connectionpool.py", line 1093, in _validate_conn
    conn.connect()
  File "/home/dengkn/miniforge3/envs/aslora/lib/python3.9/site-packages/urllib3/connection.py", line 796, in connect
    sock_and_verified = _ssl_wrap_socket_and_match_hostname(
  File "/home/dengkn/miniforge3/envs/aslora/lib/python3.9/site-packages/urllib3/connection.py", line 975, in _ssl_wrap_socket_and_match_hostname
    ssl_sock = ssl_wrap_socket(
  File "/home/dengkn/miniforge3/envs/aslora/lib/python3.9/site-packages/urllib3/util/ssl_.py", line 483, in ssl_wrap_socket
    ssl_sock = _ssl_wrap_socket_impl(sock, context, tls_in_tls, server_hostname)
  File "/home/dengkn/miniforge3/envs/aslora/lib/python3.9/site-packages/urllib3/util/ssl_.py", line 527, in _ssl_wrap_socket_impl
    return ssl_context.wrap_socket(sock, server_hostname=server_hostname)
  File "/home/dengkn/miniforge3/envs/aslora/lib/python3.9/ssl.py", line 501, in wrap_socket
    return self.sslsocket_class._create(
  File "/home/dengkn/miniforge3/envs/aslora/lib/python3.9/ssl.py", line 1074, in _create
    self.do_handshake()
  File "/home/dengkn/miniforge3/envs/aslora/lib/python3.9/ssl.py", line 1343, in do_handshake
    self._sslobj.do_handshake()
socket.timeout: _ssl.c:1130: The handshake operation timed out

The above exception was the direct cause of the following exception:

Traceback (most recent call last):
  File "/home/dengkn/miniforge3/envs/aslora/lib/python3.9/site-packages/requests/adapters.py", line 644, in send
    resp = conn.urlopen(
  File "/home/dengkn/miniforge3/envs/aslora/lib/python3.9/site-packages/urllib3/connectionpool.py", line 841, in urlopen
    retries = retries.increment(
  File "/home/dengkn/miniforge3/envs/aslora/lib/python3.9/site-packages/urllib3/util/retry.py", line 474, in increment
    raise reraise(type(error), error, _stacktrace)
  File "/home/dengkn/miniforge3/envs/aslora/lib/python3.9/site-packages/urllib3/util/util.py", line 39, in reraise
    raise value
  File "/home/dengkn/miniforge3/envs/aslora/lib/python3.9/site-packages/urllib3/connectionpool.py", line 787, in urlopen
    response = self._make_request(
  File "/home/dengkn/miniforge3/envs/aslora/lib/python3.9/site-packages/urllib3/connectionpool.py", line 488, in _make_request
    raise new_e
  File "/home/dengkn/miniforge3/envs/aslora/lib/python3.9/site-packages/urllib3/connectionpool.py", line 466, in _make_request
    self._raise_timeout(err=e, url=url, timeout_value=conn.timeout)
  File "/home/dengkn/miniforge3/envs/aslora/lib/python3.9/site-packages/urllib3/connectionpool.py", line 367, in _raise_timeout
    raise ReadTimeoutError(
urllib3.exceptions.ReadTimeoutError: HTTPSConnectionPool(host='api.wandb.ai', port=443): Read timed out. (read timeout=10)

During handling of the above exception, another exception occurred:

Traceback (most recent call last):
  File "/home/dengkn/miniforge3/envs/aslora/lib/python3.9/site-packages/wandb/sdk/lib/retry.py", line 102, in __call__
    result = self._call_fn(*args, **kwargs)
  File "/home/dengkn/miniforge3/envs/aslora/lib/python3.9/site-packages/wandb/sdk/internal/internal_api.py", line 140, in execute
    return self.client.execute(*args, **kwargs)
  File "/home/dengkn/miniforge3/envs/aslora/lib/python3.9/site-packages/wandb/vendor/gql-0.2.0/gql/client.py", line 52, in execute
    result = self._get_result(document, *args, **kwargs)
  File "/home/dengkn/miniforge3/envs/aslora/lib/python3.9/site-packages/wandb/vendor/gql-0.2.0/gql/client.py", line 60, in _get_result
    return self.transport.execute(document, *args, **kwargs)
  File "/home/dengkn/miniforge3/envs/aslora/lib/python3.9/site-packages/wandb/vendor/gql-0.2.0/gql/transport/requests.py", line 38, in execute
    request = requests.post(self.url, **post_args)
  File "/home/dengkn/miniforge3/envs/aslora/lib/python3.9/site-packages/requests/api.py", line 115, in post
    return request("post", url, data=data, json=json, **kwargs)
  File "/home/dengkn/miniforge3/envs/aslora/lib/python3.9/site-packages/requests/api.py", line 59, in request
    return session.request(method=method, url=url, **kwargs)
  File "/home/dengkn/miniforge3/envs/aslora/lib/python3.9/site-packages/requests/sessions.py", line 589, in request
    resp = self.send(prep, **send_kwargs)
  File "/home/dengkn/miniforge3/envs/aslora/lib/python3.9/site-packages/requests/sessions.py", line 703, in send
    r = adapter.send(request, **kwargs)
  File "/home/dengkn/miniforge3/envs/aslora/lib/python3.9/site-packages/requests/adapters.py", line 690, in send
    raise ReadTimeout(e, request=request)
requests.exceptions.ReadTimeout: HTTPSConnectionPool(host='api.wandb.ai', port=443): Read timed out. (read timeout=10)
2025-12-24 11:13:47,316 DEBUG   HandlerThread:2327006 [handler.py:handle_request():131] handle_request: stop_status
2025-12-24 11:14:07,334 DEBUG   HandlerThread:2327006 [handler.py:handle_request():131] handle_request: stop_status
2025-12-24 11:14:17,591 INFO    Thread-13 :2327006 [dir_watcher.py:_on_file_modified():230] file/dir modified: /home/dengkn/O-LoRA/wandb/run-20251224_105934-p7r2ed4a/files/output.log
2025-12-24 11:14:27,340 DEBUG   HandlerThread:2327006 [handler.py:handle_request():131] handle_request: stop_status
2025-12-24 11:14:47,351 DEBUG   HandlerThread:2327006 [handler.py:handle_request():131] handle_request: stop_status
2025-12-24 11:15:07,360 DEBUG   HandlerThread:2327006 [handler.py:handle_request():131] handle_request: stop_status
2025-12-24 11:15:17,626 INFO    Thread-13 :2327006 [dir_watcher.py:_on_file_modified():230] file/dir modified: /home/dengkn/O-LoRA/wandb/run-20251224_105934-p7r2ed4a/files/output.log
2025-12-24 11:15:27,364 DEBUG   HandlerThread:2327006 [handler.py:handle_request():131] handle_request: stop_status
2025-12-24 11:15:47,382 DEBUG   HandlerThread:2327006 [handler.py:handle_request():131] handle_request: stop_status
2025-12-24 11:16:07,380 DEBUG   HandlerThread:2327006 [handler.py:handle_request():131] handle_request: stop_status
2025-12-24 11:16:21,659 INFO    Thread-13 :2327006 [dir_watcher.py:_on_file_modified():230] file/dir modified: /home/dengkn/O-LoRA/wandb/run-20251224_105934-p7r2ed4a/files/output.log
2025-12-24 11:16:27,391 DEBUG   HandlerThread:2327006 [handler.py:handle_request():131] handle_request: stop_status
2025-12-24 11:16:42,297 DEBUG   SenderThread:2327006 [sender.py:send_request():249] send_request: stop_status
2025-12-24 11:16:42,808 DEBUG   SenderThread:2327006 [sender.py:send():235] send: stats
2025-12-24 11:16:42,809 DEBUG   SenderThread:2327006 [sender.py:send_request():249] send_request: stop_status
2025-12-24 11:16:43,660 DEBUG   SenderThread:2327006 [sender.py:send():235] send: stats
2025-12-24 11:16:43,661 DEBUG   SenderThread:2327006 [sender.py:send_request():249] send_request: stop_status
2025-12-24 11:16:44,203 DEBUG   SenderThread:2327006 [sender.py:send_request():249] send_request: stop_status
2025-12-24 11:16:44,745 DEBUG   SenderThread:2327006 [sender.py:send():235] send: stats
2025-12-24 11:16:44,746 DEBUG   SenderThread:2327006 [sender.py:send_request():249] send_request: stop_status
2025-12-24 11:16:45,272 DEBUG   SenderThread:2327006 [sender.py:send():235] send: stats
2025-12-24 11:16:45,272 DEBUG   SenderThread:2327006 [sender.py:send_request():249] send_request: stop_status
2025-12-24 11:16:45,762 DEBUG   SenderThread:2327006 [sender.py:send_request():249] send_request: stop_status
2025-12-24 11:16:46,244 DEBUG   SenderThread:2327006 [sender.py:send():235] send: stats
2025-12-24 11:16:46,246 DEBUG   SenderThread:2327006 [sender.py:send_request():249] send_request: stop_status
2025-12-24 11:16:46,793 DEBUG   SenderThread:2327006 [sender.py:send_request():249] send_request: stop_status
2025-12-24 11:16:47,309 DEBUG   SenderThread:2327006 [sender.py:send():235] send: stats
2025-12-24 11:16:47,310 DEBUG   SenderThread:2327006 [sender.py:send_request():249] send_request: stop_status
2025-12-24 11:16:47,401 DEBUG   HandlerThread:2327006 [handler.py:handle_request():131] handle_request: stop_status
2025-12-24 11:16:47,894 DEBUG   SenderThread:2327006 [sender.py:send():235] send: stats
2025-12-24 11:16:47,895 DEBUG   SenderThread:2327006 [sender.py:send_request():249] send_request: stop_status
2025-12-24 11:17:03,424 DEBUG   HandlerThread:2327006 [handler.py:handle_request():131] handle_request: stop_status
2025-12-24 11:17:03,424 DEBUG   SenderThread:2327006 [sender.py:send_request():249] send_request: stop_status
2025-12-24 11:17:09,828 DEBUG   SenderThread:2327006 [sender.py:send():235] send: stats
2025-12-24 11:17:18,870 DEBUG   HandlerThread:2327006 [handler.py:handle_request():131] handle_request: stop_status
2025-12-24 11:17:18,870 DEBUG   SenderThread:2327006 [sender.py:send_request():249] send_request: stop_status
2025-12-24 11:17:21,694 INFO    Thread-13 :2327006 [dir_watcher.py:_on_file_modified():230] file/dir modified: /home/dengkn/O-LoRA/wandb/run-20251224_105934-p7r2ed4a/files/output.log
2025-12-24 11:17:34,451 DEBUG   HandlerThread:2327006 [handler.py:handle_request():131] handle_request: stop_status
2025-12-24 11:17:34,452 DEBUG   SenderThread:2327006 [sender.py:send_request():249] send_request: stop_status
2025-12-24 11:17:40,816 DEBUG   SenderThread:2327006 [sender.py:send():235] send: stats
2025-12-24 11:17:50,028 DEBUG   HandlerThread:2327006 [handler.py:handle_request():131] handle_request: stop_status
2025-12-24 11:17:50,028 DEBUG   SenderThread:2327006 [sender.py:send_request():249] send_request: stop_status
2025-12-24 11:17:57,035 WARNING FileStreamThread:2327006 [file_stream.py:request_with_retry():594] requests_with_retry encountered retryable exception: ('Connection aborted.', ConnectionResetError(104, 'Connection reset by peer')). func: <bound method Session.post of <requests.sessions.Session object at 0x7f1c0557e0a0>>, args: ('https://api.wandb.ai/files/20040817dkn-facebook/huggingface/p7r2ed4a/file_stream',), kwargs: {'json': {'complete': False, 'failed': False, 'dropped': 0, 'uploaded': []}}
2025-12-24 11:18:05,556 DEBUG   HandlerThread:2327006 [handler.py:handle_request():131] handle_request: stop_status
2025-12-24 11:18:05,557 DEBUG   SenderThread:2327006 [sender.py:send_request():249] send_request: stop_status
2025-12-24 11:18:11,788 DEBUG   SenderThread:2327006 [sender.py:send():235] send: stats
2025-12-24 11:18:21,068 DEBUG   HandlerThread:2327006 [handler.py:handle_request():131] handle_request: stop_status
2025-12-24 11:18:21,069 DEBUG   SenderThread:2327006 [sender.py:send_request():249] send_request: stop_status
2025-12-24 11:18:24,728 INFO    Thread-13 :2327006 [dir_watcher.py:_on_file_modified():230] file/dir modified: /home/dengkn/O-LoRA/wandb/run-20251224_105934-p7r2ed4a/files/output.log
2025-12-24 11:18:36,611 DEBUG   HandlerThread:2327006 [handler.py:handle_request():131] handle_request: stop_status
2025-12-24 11:18:36,612 DEBUG   SenderThread:2327006 [sender.py:send_request():249] send_request: stop_status
2025-12-24 11:18:42,863 DEBUG   SenderThread:2327006 [sender.py:send():235] send: stats
2025-12-24 11:18:52,096 DEBUG   HandlerThread:2327006 [handler.py:handle_request():131] handle_request: stop_status
2025-12-24 11:18:52,097 DEBUG   SenderThread:2327006 [sender.py:send_request():249] send_request: stop_status
2025-12-24 11:19:07,653 DEBUG   HandlerThread:2327006 [handler.py:handle_request():131] handle_request: stop_status
2025-12-24 11:19:07,653 DEBUG   SenderThread:2327006 [sender.py:send_request():249] send_request: stop_status
2025-12-24 11:19:13,852 DEBUG   SenderThread:2327006 [sender.py:send():235] send: stats
2025-12-24 11:19:23,187 DEBUG   HandlerThread:2327006 [handler.py:handle_request():131] handle_request: stop_status
2025-12-24 11:19:23,187 DEBUG   SenderThread:2327006 [sender.py:send_request():249] send_request: stop_status
2025-12-24 11:19:28,761 INFO    Thread-13 :2327006 [dir_watcher.py:_on_file_modified():230] file/dir modified: /home/dengkn/O-LoRA/wandb/run-20251224_105934-p7r2ed4a/files/output.log
2025-12-24 11:19:38,746 DEBUG   HandlerThread:2327006 [handler.py:handle_request():131] handle_request: stop_status
2025-12-24 11:19:38,747 DEBUG   SenderThread:2327006 [sender.py:send_request():249] send_request: stop_status
2025-12-24 11:19:44,798 DEBUG   SenderThread:2327006 [sender.py:send():235] send: stats
2025-12-24 11:19:54,310 DEBUG   HandlerThread:2327006 [handler.py:handle_request():131] handle_request: stop_status
2025-12-24 11:19:54,310 DEBUG   SenderThread:2327006 [sender.py:send_request():249] send_request: stop_status
2025-12-24 11:20:10,791 DEBUG   HandlerThread:2327006 [handler.py:handle_request():131] handle_request: stop_status
2025-12-24 11:20:10,792 DEBUG   SenderThread:2327006 [sender.py:send_request():249] send_request: stop_status
2025-12-24 11:20:15,783 DEBUG   SenderThread:2327006 [sender.py:send():235] send: stats
2025-12-24 11:20:26,317 DEBUG   HandlerThread:2327006 [handler.py:handle_request():131] handle_request: stop_status
2025-12-24 11:20:26,318 DEBUG   SenderThread:2327006 [sender.py:send_request():249] send_request: stop_status
2025-12-24 11:20:30,608 DEBUG   SenderThread:2327006 [sender.py:send():235] send: history
2025-12-24 11:20:30,609 DEBUG   SenderThread:2327006 [sender.py:send():235] send: summary
2025-12-24 11:20:30,609 INFO    SenderThread:2327006 [sender.py:_save_file():944] saving file wandb-summary.json with policy end
2025-12-24 11:20:30,800 INFO    Thread-13 :2327006 [dir_watcher.py:_on_file_modified():230] file/dir modified: /home/dengkn/O-LoRA/wandb/run-20251224_105934-p7r2ed4a/files/wandb-summary.json
2025-12-24 11:20:31,800 INFO    Thread-13 :2327006 [dir_watcher.py:_on_file_modified():230] file/dir modified: /home/dengkn/O-LoRA/wandb/run-20251224_105934-p7r2ed4a/files/output.log
2025-12-24 11:20:32,801 INFO    Thread-13 :2327006 [dir_watcher.py:_on_file_modified():230] file/dir modified: /home/dengkn/O-LoRA/wandb/run-20251224_105934-p7r2ed4a/files/output.log
2025-12-24 11:20:41,830 DEBUG   HandlerThread:2327006 [handler.py:handle_request():131] handle_request: stop_status
2025-12-24 11:20:41,830 DEBUG   SenderThread:2327006 [sender.py:send_request():249] send_request: stop_status
2025-12-24 11:20:46,693 DEBUG   SenderThread:2327006 [sender.py:send():235] send: stats
2025-12-24 11:20:57,317 DEBUG   HandlerThread:2327006 [handler.py:handle_request():131] handle_request: stop_status
2025-12-24 11:20:57,318 DEBUG   SenderThread:2327006 [sender.py:send_request():249] send_request: stop_status
2025-12-24 11:21:12,831 DEBUG   HandlerThread:2327006 [handler.py:handle_request():131] handle_request: stop_status
2025-12-24 11:21:12,832 DEBUG   SenderThread:2327006 [sender.py:send_request():249] send_request: stop_status
2025-12-24 11:21:17,557 DEBUG   SenderThread:2327006 [sender.py:send():235] send: stats
2025-12-24 11:21:28,311 DEBUG   HandlerThread:2327006 [handler.py:handle_request():131] handle_request: stop_status
2025-12-24 11:21:28,311 DEBUG   SenderThread:2327006 [sender.py:send_request():249] send_request: stop_status
2025-12-24 11:21:34,833 INFO    Thread-13 :2327006 [dir_watcher.py:_on_file_modified():230] file/dir modified: /home/dengkn/O-LoRA/wandb/run-20251224_105934-p7r2ed4a/files/output.log
2025-12-24 11:21:43,815 DEBUG   HandlerThread:2327006 [handler.py:handle_request():131] handle_request: stop_status
2025-12-24 11:21:43,815 DEBUG   SenderThread:2327006 [sender.py:send_request():249] send_request: stop_status
2025-12-24 11:21:48,526 DEBUG   SenderThread:2327006 [sender.py:send():235] send: stats
2025-12-24 11:21:59,364 DEBUG   HandlerThread:2327006 [handler.py:handle_request():131] handle_request: stop_status
2025-12-24 11:21:59,364 DEBUG   SenderThread:2327006 [sender.py:send_request():249] send_request: stop_status
2025-12-24 11:22:15,108 DEBUG   HandlerThread:2327006 [handler.py:handle_request():131] handle_request: stop_status
2025-12-24 11:22:15,109 DEBUG   SenderThread:2327006 [sender.py:send_request():249] send_request: stop_status
2025-12-24 11:22:19,526 DEBUG   SenderThread:2327006 [sender.py:send():235] send: stats
2025-12-24 11:22:30,599 DEBUG   HandlerThread:2327006 [handler.py:handle_request():131] handle_request: stop_status
2025-12-24 11:22:30,599 DEBUG   SenderThread:2327006 [sender.py:send_request():249] send_request: stop_status
2025-12-24 11:22:36,866 INFO    Thread-13 :2327006 [dir_watcher.py:_on_file_modified():230] file/dir modified: /home/dengkn/O-LoRA/wandb/run-20251224_105934-p7r2ed4a/files/output.log
2025-12-24 11:22:46,100 DEBUG   HandlerThread:2327006 [handler.py:handle_request():131] handle_request: stop_status
2025-12-24 11:22:46,100 DEBUG   SenderThread:2327006 [sender.py:send_request():249] send_request: stop_status
2025-12-24 11:22:50,588 DEBUG   SenderThread:2327006 [sender.py:send():235] send: stats
2025-12-24 11:23:01,581 DEBUG   HandlerThread:2327006 [handler.py:handle_request():131] handle_request: stop_status
2025-12-24 11:23:01,582 DEBUG   SenderThread:2327006 [sender.py:send_request():249] send_request: stop_status
2025-12-24 11:23:17,218 DEBUG   HandlerThread:2327006 [handler.py:handle_request():131] handle_request: stop_status
2025-12-24 11:23:17,219 DEBUG   SenderThread:2327006 [sender.py:send_request():249] send_request: stop_status
2025-12-24 11:23:21,561 DEBUG   SenderThread:2327006 [sender.py:send():235] send: stats
2025-12-24 11:23:32,712 DEBUG   HandlerThread:2327006 [handler.py:handle_request():131] handle_request: stop_status
2025-12-24 11:23:32,712 DEBUG   SenderThread:2327006 [sender.py:send_request():249] send_request: stop_status
2025-12-24 11:23:39,902 INFO    Thread-13 :2327006 [dir_watcher.py:_on_file_modified():230] file/dir modified: /home/dengkn/O-LoRA/wandb/run-20251224_105934-p7r2ed4a/files/output.log
2025-12-24 11:23:48,289 DEBUG   HandlerThread:2327006 [handler.py:handle_request():131] handle_request: stop_status
2025-12-24 11:23:48,289 DEBUG   SenderThread:2327006 [sender.py:send_request():249] send_request: stop_status
2025-12-24 11:23:52,630 DEBUG   SenderThread:2327006 [sender.py:send():235] send: stats
2025-12-24 11:24:03,857 DEBUG   HandlerThread:2327006 [handler.py:handle_request():131] handle_request: stop_status
2025-12-24 11:24:03,858 DEBUG   SenderThread:2327006 [sender.py:send_request():249] send_request: stop_status
2025-12-24 11:24:19,726 DEBUG   HandlerThread:2327006 [handler.py:handle_request():131] handle_request: stop_status
2025-12-24 11:24:19,727 DEBUG   SenderThread:2327006 [sender.py:send_request():249] send_request: stop_status
2025-12-24 11:24:23,683 DEBUG   SenderThread:2327006 [sender.py:send():235] send: stats
2025-12-24 11:24:35,293 DEBUG   HandlerThread:2327006 [handler.py:handle_request():131] handle_request: stop_status
2025-12-24 11:24:35,294 DEBUG   SenderThread:2327006 [sender.py:send_request():249] send_request: stop_status
2025-12-24 11:24:39,934 INFO    Thread-13 :2327006 [dir_watcher.py:_on_file_modified():230] file/dir modified: /home/dengkn/O-LoRA/wandb/run-20251224_105934-p7r2ed4a/files/output.log
2025-12-24 11:24:50,761 DEBUG   HandlerThread:2327006 [handler.py:handle_request():131] handle_request: stop_status
2025-12-24 11:24:50,761 DEBUG   SenderThread:2327006 [sender.py:send_request():249] send_request: stop_status
2025-12-24 11:24:54,698 DEBUG   SenderThread:2327006 [sender.py:send():235] send: stats
2025-12-24 11:25:06,251 DEBUG   HandlerThread:2327006 [handler.py:handle_request():131] handle_request: stop_status
2025-12-24 11:25:06,251 DEBUG   SenderThread:2327006 [sender.py:send_request():249] send_request: stop_status
2025-12-24 11:25:21,747 DEBUG   HandlerThread:2327006 [handler.py:handle_request():131] handle_request: stop_status
2025-12-24 11:25:21,748 DEBUG   SenderThread:2327006 [sender.py:send_request():249] send_request: stop_status
2025-12-24 11:25:25,706 DEBUG   SenderThread:2327006 [sender.py:send():235] send: stats
2025-12-24 11:25:37,288 DEBUG   HandlerThread:2327006 [handler.py:handle_request():131] handle_request: stop_status
2025-12-24 11:25:37,425 DEBUG   SenderThread:2327006 [sender.py:send_request():249] send_request: stop_status
2025-12-24 11:25:43,969 INFO    Thread-13 :2327006 [dir_watcher.py:_on_file_modified():230] file/dir modified: /home/dengkn/O-LoRA/wandb/run-20251224_105934-p7r2ed4a/files/output.log
2025-12-24 11:25:52,905 DEBUG   HandlerThread:2327006 [handler.py:handle_request():131] handle_request: stop_status
2025-12-24 11:25:52,905 DEBUG   SenderThread:2327006 [sender.py:send_request():249] send_request: stop_status
2025-12-24 11:25:56,727 DEBUG   SenderThread:2327006 [sender.py:send():235] send: stats
2025-12-24 11:26:08,766 DEBUG   HandlerThread:2327006 [handler.py:handle_request():131] handle_request: stop_status
2025-12-24 11:26:08,766 DEBUG   SenderThread:2327006 [sender.py:send_request():249] send_request: stop_status
2025-12-24 11:26:24,279 DEBUG   HandlerThread:2327006 [handler.py:handle_request():131] handle_request: stop_status
2025-12-24 11:26:24,280 DEBUG   SenderThread:2327006 [sender.py:send_request():249] send_request: stop_status
2025-12-24 11:26:27,593 DEBUG   SenderThread:2327006 [sender.py:send():235] send: stats
2025-12-24 11:26:39,824 DEBUG   HandlerThread:2327006 [handler.py:handle_request():131] handle_request: stop_status
2025-12-24 11:26:39,825 DEBUG   SenderThread:2327006 [sender.py:send_request():249] send_request: stop_status
2025-12-24 11:26:48,001 INFO    Thread-13 :2327006 [dir_watcher.py:_on_file_modified():230] file/dir modified: /home/dengkn/O-LoRA/wandb/run-20251224_105934-p7r2ed4a/files/output.log
2025-12-24 11:26:55,486 DEBUG   HandlerThread:2327006 [handler.py:handle_request():131] handle_request: stop_status
2025-12-24 11:26:55,486 DEBUG   SenderThread:2327006 [sender.py:send_request():249] send_request: stop_status
2025-12-24 11:26:58,580 DEBUG   SenderThread:2327006 [sender.py:send():235] send: stats
2025-12-24 11:27:11,019 DEBUG   HandlerThread:2327006 [handler.py:handle_request():131] handle_request: stop_status
2025-12-24 11:27:11,019 DEBUG   SenderThread:2327006 [sender.py:send_request():249] send_request: stop_status
2025-12-24 11:27:26,556 DEBUG   HandlerThread:2327006 [handler.py:handle_request():131] handle_request: stop_status
2025-12-24 11:27:26,557 DEBUG   SenderThread:2327006 [sender.py:send_request():249] send_request: stop_status
2025-12-24 11:27:29,591 DEBUG   SenderThread:2327006 [sender.py:send():235] send: stats
2025-12-24 11:27:42,036 DEBUG   HandlerThread:2327006 [handler.py:handle_request():131] handle_request: stop_status
2025-12-24 11:27:42,036 DEBUG   SenderThread:2327006 [sender.py:send_request():249] send_request: stop_status
2025-12-24 11:27:53,034 INFO    Thread-13 :2327006 [dir_watcher.py:_on_file_modified():230] file/dir modified: /home/dengkn/O-LoRA/wandb/run-20251224_105934-p7r2ed4a/files/output.log
2025-12-24 11:27:57,585 DEBUG   HandlerThread:2327006 [handler.py:handle_request():131] handle_request: stop_status
2025-12-24 11:27:57,586 DEBUG   SenderThread:2327006 [sender.py:send_request():249] send_request: stop_status
2025-12-24 11:28:00,521 DEBUG   SenderThread:2327006 [sender.py:send():235] send: stats
2025-12-24 11:28:13,089 DEBUG   HandlerThread:2327006 [handler.py:handle_request():131] handle_request: stop_status
2025-12-24 11:28:13,090 DEBUG   SenderThread:2327006 [sender.py:send_request():249] send_request: stop_status
2025-12-24 11:28:28,672 DEBUG   HandlerThread:2327006 [handler.py:handle_request():131] handle_request: stop_status
2025-12-24 11:28:28,673 DEBUG   SenderThread:2327006 [sender.py:send_request():249] send_request: stop_status
2025-12-24 11:28:31,471 DEBUG   SenderThread:2327006 [sender.py:send():235] send: stats
2025-12-24 11:28:44,170 DEBUG   HandlerThread:2327006 [handler.py:handle_request():131] handle_request: stop_status
2025-12-24 11:28:44,170 DEBUG   SenderThread:2327006 [sender.py:send_request():249] send_request: stop_status
2025-12-24 11:28:55,064 INFO    Thread-13 :2327006 [dir_watcher.py:_on_file_modified():230] file/dir modified: /home/dengkn/O-LoRA/wandb/run-20251224_105934-p7r2ed4a/files/output.log
2025-12-24 11:28:59,668 DEBUG   HandlerThread:2327006 [handler.py:handle_request():131] handle_request: stop_status
2025-12-24 11:28:59,668 DEBUG   SenderThread:2327006 [sender.py:send_request():249] send_request: stop_status
2025-12-24 11:29:02,414 DEBUG   SenderThread:2327006 [sender.py:send():235] send: stats
2025-12-24 11:29:15,143 DEBUG   HandlerThread:2327006 [handler.py:handle_request():131] handle_request: stop_status
2025-12-24 11:29:15,143 DEBUG   SenderThread:2327006 [sender.py:send_request():249] send_request: stop_status
2025-12-24 11:29:30,751 DEBUG   HandlerThread:2327006 [handler.py:handle_request():131] handle_request: stop_status
2025-12-24 11:29:30,751 DEBUG   SenderThread:2327006 [sender.py:send_request():249] send_request: stop_status
2025-12-24 11:29:33,309 DEBUG   SenderThread:2327006 [sender.py:send():235] send: stats
2025-12-24 11:29:46,239 DEBUG   HandlerThread:2327006 [handler.py:handle_request():131] handle_request: stop_status
2025-12-24 11:29:46,239 DEBUG   SenderThread:2327006 [sender.py:send_request():249] send_request: stop_status
2025-12-24 11:29:59,099 INFO    Thread-13 :2327006 [dir_watcher.py:_on_file_modified():230] file/dir modified: /home/dengkn/O-LoRA/wandb/run-20251224_105934-p7r2ed4a/files/output.log
2025-12-24 11:30:01,835 DEBUG   HandlerThread:2327006 [handler.py:handle_request():131] handle_request: stop_status
2025-12-24 11:30:01,835 DEBUG   SenderThread:2327006 [sender.py:send_request():249] send_request: stop_status
2025-12-24 11:30:04,288 DEBUG   SenderThread:2327006 [sender.py:send():235] send: stats
2025-12-24 11:30:17,360 DEBUG   HandlerThread:2327006 [handler.py:handle_request():131] handle_request: stop_status
2025-12-24 11:30:17,361 DEBUG   SenderThread:2327006 [sender.py:send_request():249] send_request: stop_status
2025-12-24 11:30:33,073 DEBUG   HandlerThread:2327006 [handler.py:handle_request():131] handle_request: stop_status
2025-12-24 11:30:33,073 DEBUG   SenderThread:2327006 [sender.py:send_request():249] send_request: stop_status
2025-12-24 11:30:35,309 DEBUG   SenderThread:2327006 [sender.py:send():235] send: stats
2025-12-24 11:30:48,626 DEBUG   HandlerThread:2327006 [handler.py:handle_request():131] handle_request: stop_status
2025-12-24 11:30:48,627 DEBUG   SenderThread:2327006 [sender.py:send_request():249] send_request: stop_status
2025-12-24 11:30:58,396 DEBUG   SenderThread:2327006 [sender.py:send():235] send: history
2025-12-24 11:30:58,396 DEBUG   SenderThread:2327006 [sender.py:send():235] send: summary
2025-12-24 11:30:58,397 INFO    SenderThread:2327006 [sender.py:_save_file():944] saving file wandb-summary.json with policy end
2025-12-24 11:30:59,129 INFO    Thread-13 :2327006 [dir_watcher.py:_on_file_modified():230] file/dir modified: /home/dengkn/O-LoRA/wandb/run-20251224_105934-p7r2ed4a/files/output.log
2025-12-24 11:30:59,129 INFO    Thread-13 :2327006 [dir_watcher.py:_on_file_modified():230] file/dir modified: /home/dengkn/O-LoRA/wandb/run-20251224_105934-p7r2ed4a/files/wandb-summary.json
2025-12-24 11:31:00,130 INFO    Thread-13 :2327006 [dir_watcher.py:_on_file_modified():230] file/dir modified: /home/dengkn/O-LoRA/wandb/run-20251224_105934-p7r2ed4a/files/output.log
2025-12-24 11:31:04,103 DEBUG   HandlerThread:2327006 [handler.py:handle_request():131] handle_request: stop_status
2025-12-24 11:31:04,103 DEBUG   SenderThread:2327006 [sender.py:send_request():249] send_request: stop_status
2025-12-24 11:31:06,359 DEBUG   SenderThread:2327006 [sender.py:send():235] send: stats
2025-12-24 11:31:19,583 DEBUG   HandlerThread:2327006 [handler.py:handle_request():131] handle_request: stop_status
2025-12-24 11:31:19,583 DEBUG   SenderThread:2327006 [sender.py:send_request():249] send_request: stop_status
2025-12-24 11:31:35,172 DEBUG   HandlerThread:2327006 [handler.py:handle_request():131] handle_request: stop_status
2025-12-24 11:31:35,172 DEBUG   SenderThread:2327006 [sender.py:send_request():249] send_request: stop_status
2025-12-24 11:31:37,350 DEBUG   SenderThread:2327006 [sender.py:send():235] send: stats
2025-12-24 11:31:50,757 DEBUG   HandlerThread:2327006 [handler.py:handle_request():131] handle_request: stop_status
2025-12-24 11:31:50,757 DEBUG   SenderThread:2327006 [sender.py:send_request():249] send_request: stop_status
2025-12-24 11:32:02,162 INFO    Thread-13 :2327006 [dir_watcher.py:_on_file_modified():230] file/dir modified: /home/dengkn/O-LoRA/wandb/run-20251224_105934-p7r2ed4a/files/output.log
2025-12-24 11:32:06,335 DEBUG   HandlerThread:2327006 [handler.py:handle_request():131] handle_request: stop_status
2025-12-24 11:32:06,336 DEBUG   SenderThread:2327006 [sender.py:send_request():249] send_request: stop_status
2025-12-24 11:32:08,366 DEBUG   SenderThread:2327006 [sender.py:send():235] send: stats
2025-12-24 11:32:21,876 DEBUG   HandlerThread:2327006 [handler.py:handle_request():131] handle_request: stop_status
2025-12-24 11:32:21,877 DEBUG   SenderThread:2327006 [sender.py:send_request():249] send_request: stop_status
2025-12-24 11:32:37,405 DEBUG   HandlerThread:2327006 [handler.py:handle_request():131] handle_request: stop_status
2025-12-24 11:32:37,406 DEBUG   SenderThread:2327006 [sender.py:send_request():249] send_request: stop_status
2025-12-24 11:32:39,378 DEBUG   SenderThread:2327006 [sender.py:send():235] send: stats
2025-12-24 11:32:53,442 DEBUG   HandlerThread:2327006 [handler.py:handle_request():131] handle_request: stop_status
2025-12-24 11:32:53,442 DEBUG   SenderThread:2327006 [sender.py:send_request():249] send_request: stop_status
2025-12-24 11:33:04,195 INFO    Thread-13 :2327006 [dir_watcher.py:_on_file_modified():230] file/dir modified: /home/dengkn/O-LoRA/wandb/run-20251224_105934-p7r2ed4a/files/output.log
2025-12-24 11:33:08,958 DEBUG   HandlerThread:2327006 [handler.py:handle_request():131] handle_request: stop_status
2025-12-24 11:33:08,958 DEBUG   SenderThread:2327006 [sender.py:send_request():249] send_request: stop_status
2025-12-24 11:33:10,277 DEBUG   SenderThread:2327006 [sender.py:send():235] send: stats
2025-12-24 11:33:24,441 DEBUG   HandlerThread:2327006 [handler.py:handle_request():131] handle_request: stop_status
2025-12-24 11:33:24,441 DEBUG   SenderThread:2327006 [sender.py:send_request():249] send_request: stop_status
2025-12-24 11:33:39,944 DEBUG   HandlerThread:2327006 [handler.py:handle_request():131] handle_request: stop_status
2025-12-24 11:33:39,944 DEBUG   SenderThread:2327006 [sender.py:send_request():249] send_request: stop_status
2025-12-24 11:33:41,200 DEBUG   SenderThread:2327006 [sender.py:send():235] send: stats
2025-12-24 11:33:55,445 DEBUG   HandlerThread:2327006 [handler.py:handle_request():131] handle_request: stop_status
2025-12-24 11:33:55,446 DEBUG   SenderThread:2327006 [sender.py:send_request():249] send_request: stop_status
2025-12-24 11:34:06,228 INFO    Thread-13 :2327006 [dir_watcher.py:_on_file_modified():230] file/dir modified: /home/dengkn/O-LoRA/wandb/run-20251224_105934-p7r2ed4a/files/output.log
2025-12-24 11:34:10,952 DEBUG   HandlerThread:2327006 [handler.py:handle_request():131] handle_request: stop_status
2025-12-24 11:34:10,953 DEBUG   SenderThread:2327006 [sender.py:send_request():249] send_request: stop_status
2025-12-24 11:34:12,095 DEBUG   SenderThread:2327006 [sender.py:send():235] send: stats
2025-12-24 11:34:26,498 DEBUG   HandlerThread:2327006 [handler.py:handle_request():131] handle_request: stop_status
2025-12-24 11:34:26,499 DEBUG   SenderThread:2327006 [sender.py:send_request():249] send_request: stop_status
2025-12-24 11:34:41,982 DEBUG   HandlerThread:2327006 [handler.py:handle_request():131] handle_request: stop_status
2025-12-24 11:34:41,983 DEBUG   SenderThread:2327006 [sender.py:send_request():249] send_request: stop_status
2025-12-24 11:34:43,031 DEBUG   SenderThread:2327006 [sender.py:send():235] send: stats
2025-12-24 11:34:57,459 DEBUG   HandlerThread:2327006 [handler.py:handle_request():131] handle_request: stop_status
2025-12-24 11:34:57,460 DEBUG   SenderThread:2327006 [sender.py:send_request():249] send_request: stop_status
2025-12-24 11:35:10,259 INFO    Thread-13 :2327006 [dir_watcher.py:_on_file_modified():230] file/dir modified: /home/dengkn/O-LoRA/wandb/run-20251224_105934-p7r2ed4a/files/output.log
2025-12-24 11:35:13,005 DEBUG   HandlerThread:2327006 [handler.py:handle_request():131] handle_request: stop_status
2025-12-24 11:35:13,006 DEBUG   SenderThread:2327006 [sender.py:send_request():249] send_request: stop_status
2025-12-24 11:35:14,050 DEBUG   SenderThread:2327006 [sender.py:send():235] send: stats
2025-12-24 11:35:28,526 DEBUG   HandlerThread:2327006 [handler.py:handle_request():131] handle_request: stop_status
2025-12-24 11:35:28,526 DEBUG   SenderThread:2327006 [sender.py:send_request():249] send_request: stop_status
